Using pre-set license
Built from '2021.3/staging' branch; Version is '2021.3.5f1 (40eb3a945986) revision 4254522'; Using compiler version '192829333'; Build Type 'Release'
OS: 'Windows 10  (10.0.19044) 64bit Professional' Language: 'ko' Physical Memory: 15659 MB
BatchMode: 1, IsHumanControllingUs: 0, StartBugReporterOnCrash: 0, Is64bit: 1, IsPro: 1

COMMAND LINE ARGUMENTS:
C:\Program Files\Unity\Hub\Editor\2021.3.5f1\Editor\Unity.exe
-adb2
-batchMode
-noUpm
-name
AssetImportWorker3
-projectPath
C:/csy/Unity/2022_Unity_KGA/Zombie
-logFile
Logs/AssetImportWorker3.log
-srvPort
55662
Successfully changed project path to: C:/csy/Unity/2022_Unity_KGA/Zombie
C:/csy/Unity/2022_Unity_KGA/Zombie
[UnityMemory] Configuration Parameters - Can be set up in boot.config
    "memorysetup-bucket-allocator-granularity=16"
    "memorysetup-bucket-allocator-bucket-count=8"
    "memorysetup-bucket-allocator-block-size=33554432"
    "memorysetup-bucket-allocator-block-count=8"
    "memorysetup-main-allocator-block-size=16777216"
    "memorysetup-thread-allocator-block-size=16777216"
    "memorysetup-gfx-main-allocator-block-size=16777216"
    "memorysetup-gfx-thread-allocator-block-size=16777216"
    "memorysetup-cache-allocator-block-size=4194304"
    "memorysetup-typetree-allocator-block-size=2097152"
    "memorysetup-profiler-bucket-allocator-granularity=16"
    "memorysetup-profiler-bucket-allocator-bucket-count=8"
    "memorysetup-profiler-bucket-allocator-block-size=33554432"
    "memorysetup-profiler-bucket-allocator-block-count=8"
    "memorysetup-profiler-allocator-block-size=16777216"
    "memorysetup-profiler-editor-allocator-block-size=1048576"
    "memorysetup-temp-allocator-size-main=16777216"
    "memorysetup-job-temp-allocator-block-size=2097152"
    "memorysetup-job-temp-allocator-block-size-background=1048576"
    "memorysetup-job-temp-allocator-reduction-small-platforms=262144"
    "memorysetup-temp-allocator-size-background-worker=32768"
    "memorysetup-temp-allocator-size-job-worker=262144"
    "memorysetup-temp-allocator-size-preload-manager=33554432"
    "memorysetup-temp-allocator-size-nav-mesh-worker=65536"
    "memorysetup-temp-allocator-size-audio-worker=65536"
    "memorysetup-temp-allocator-size-cloud-worker=32768"
    "memorysetup-temp-allocator-size-gi-baking-worker=262144"
    "memorysetup-temp-allocator-size-gfx=262144"
Refreshing native plugins compatible for Editor in 49.13 ms, found 2 plugins.
Preloading 0 native plugins for Editor in 0.00 ms.
Initialize engine version: 2021.3.5f1 (40eb3a945986)
[Subsystems] Discovering subsystems at path C:/Program Files/Unity/Hub/Editor/2021.3.5f1/Editor/Data/Resources/UnitySubsystems
[Subsystems] Discovering subsystems at path C:/csy/Unity/2022_Unity_KGA/Zombie/Assets
GfxDevice: creating device client; threaded=0; jobified=0
Direct3D:
    Version:  Direct3D 11.0 [level 11.1]
    Renderer: AMD Radeon(TM) Graphics (ID=0x1638)
    Vendor:   ATI
    VRAM:     7829 MB
    Driver:   30.0.13014.8
Initialize mono
Mono path[0] = 'C:/Program Files/Unity/Hub/Editor/2021.3.5f1/Editor/Data/Managed'
Mono path[1] = 'C:/Program Files/Unity/Hub/Editor/2021.3.5f1/Editor/Data/MonoBleedingEdge/lib/mono/unityjit-win32'
Mono config path = 'C:/Program Files/Unity/Hub/Editor/2021.3.5f1/Editor/Data/MonoBleedingEdge/etc'
Using monoOptions --debugger-agent=transport=dt_socket,embedding=1,server=y,suspend=n,address=127.0.0.1:56224
Begin MonoManager ReloadAssembly
Registering precompiled unity dll's ...
Register platform support module: C:/Program Files/Unity/Hub/Editor/2021.3.5f1/Editor/Data/PlaybackEngines/AndroidPlayer/UnityEditor.Android.Extensions.dll
Register platform support module: C:/Program Files/Unity/Hub/Editor/2021.3.5f1/Editor/Data/PlaybackEngines/WindowsStandaloneSupport/UnityEditor.WindowsStandalone.Extensions.dll
Register platform support module: C:/Program Files/Unity/Hub/Editor/2021.3.5f1/Editor/Data/PlaybackEngines/MetroSupport/UnityEditor.UWP.Extensions.dll
Registered in 0.007254 seconds.
Native extension for UWP target not found
Native extension for WindowsStandalone target not found
Native extension for Android target not found
Refreshing native plugins compatible for Editor in 35.78 ms, found 2 plugins.
Preloading 0 native plugins for Editor in 0.00 ms.
Mono: successfully reloaded assembly
- Completed reload, in  0.469 seconds
Domain Reload Profiling:
	ReloadAssembly (469ms)
		BeginReloadAssembly (55ms)
			ExecutionOrderSort (0ms)
			DisableScriptedObjects (0ms)
			BackupInstance (0ms)
			ReleaseScriptingObjects (0ms)
			CreateAndSetChildDomain (1ms)
		EndReloadAssembly (323ms)
			LoadAssemblies (54ms)
			RebuildTransferFunctionScriptingTraits (0ms)
			SetupTypeCache (81ms)
			ReleaseScriptCaches (0ms)
			RebuildScriptCaches (18ms)
			SetupLoadedEditorAssemblies (183ms)
				LogAssemblyErrors (0ms)
				InitializePlatformSupportModulesInManaged (44ms)
				SetLoadedEditorAssemblies (0ms)
				RefreshPlugins (36ms)
				BeforeProcessingInitializeOnLoad (1ms)
				ProcessInitializeOnLoadAttributes (71ms)
				ProcessInitializeOnLoadMethodAttributes (32ms)
				AfterProcessingInitializeOnLoad (0ms)
				EditorAssembliesLoaded (0ms)
			ExecutionOrderSort2 (0ms)
			AwakeInstancesAfterBackupRestoration (0ms)
Platform modules already initialized, skipping
Registering precompiled user dll's ...
Registered in 0.004131 seconds.
Begin MonoManager ReloadAssembly
Native extension for UWP target not found
Native extension for WindowsStandalone target not found
Native extension for Android target not found
Refreshing native plugins compatible for Editor in 0.67 ms, found 2 plugins.
Preloading 0 native plugins for Editor in 0.00 ms.
Package Manager log level set to [2]
Mono: successfully reloaded assembly
- Completed reload, in  0.872 seconds
Domain Reload Profiling:
	ReloadAssembly (873ms)
		BeginReloadAssembly (199ms)
			ExecutionOrderSort (0ms)
			DisableScriptedObjects (5ms)
			BackupInstance (0ms)
			ReleaseScriptingObjects (0ms)
			CreateAndSetChildDomain (132ms)
		EndReloadAssembly (587ms)
			LoadAssemblies (58ms)
			RebuildTransferFunctionScriptingTraits (0ms)
			SetupTypeCache (131ms)
			ReleaseScriptCaches (0ms)
			RebuildScriptCaches (35ms)
			SetupLoadedEditorAssemblies (333ms)
				LogAssemblyErrors (0ms)
				InitializePlatformSupportModulesInManaged (12ms)
				SetLoadedEditorAssemblies (0ms)
				RefreshPlugins (1ms)
				BeforeProcessingInitializeOnLoad (54ms)
				ProcessInitializeOnLoadAttributes (172ms)
				ProcessInitializeOnLoadMethodAttributes (88ms)
				AfterProcessingInitializeOnLoad (6ms)
				EditorAssembliesLoaded (0ms)
			ExecutionOrderSort2 (0ms)
			AwakeInstancesAfterBackupRestoration (4ms)
Platform modules already initialized, skipping
========================================================================
Worker process is ready to serve import requests
Launched and connected shader compiler UnityShaderCompiler.exe after 0.03 seconds
Refreshing native plugins compatible for Editor in 0.66 ms, found 2 plugins.
Preloading 0 native plugins for Editor in 0.00 ms.
Unloading 2604 Unused Serialized files (Serialized files now loaded: 0)
Unloading 84 unused Assets / (1.3 MB). Loaded Objects now: 3048.
Memory consumption went from 190.7 MB to 189.4 MB.
Total: 5.490200 ms (FindLiveObjects: 0.187200 ms CreateObjectMapping: 0.070400 ms MarkObjects: 4.979800 ms  DeleteObjects: 0.251900 ms)

AssetImportParameters requested are different than current active one (requested -> active):
  custom:video-decoder-ogg-theora: a1e56fd34408186e4bbccfd4996cb3dc -> 
  custom:container-muxer-webm: aa71ff27fc2769a1b78a27578f13a17b -> 
  custom:container-demuxer-webm: 4f35f7cbe854078d1ac9338744f61a02 -> 
  custom:video-encoder-webm-vp8: eb34c28f22e8b96e1ab97ce403110664 -> 
  custom:audio-encoder-webm-vorbis: bf7c407c2cedff20999df2af8eb42d56 -> 
  custom:framework-win-MediaFoundation: 216162199b28c13a410421893ffa2e32 -> 
  custom:container-demuxer-ogg: 62fdf1f143b41e24485cea50d1cbac27 -> 
  custom:video-decoder-webm-vp8: 9c59270c3fd7afecdb556c50c9e8de78 -> 
  custom:audio-decoder-ogg-vorbis: bf7c407c2cedff20999df2af8eb42d56 -> 
========================================================================
Received Prepare
Registering precompiled user dll's ...
Registered in 0.003658 seconds.
Begin MonoManager ReloadAssembly
Native extension for UWP target not found
Native extension for WindowsStandalone target not found
Native extension for Android target not found
Refreshing native plugins compatible for Editor in 1.99 ms, found 2 plugins.
Preloading 0 native plugins for Editor in 0.00 ms.
Mono: successfully reloaded assembly
- Completed reload, in  0.979 seconds
Domain Reload Profiling:
	ReloadAssembly (980ms)
		BeginReloadAssembly (114ms)
			ExecutionOrderSort (0ms)
			DisableScriptedObjects (6ms)
			BackupInstance (0ms)
			ReleaseScriptingObjects (0ms)
			CreateAndSetChildDomain (35ms)
		EndReloadAssembly (767ms)
			LoadAssemblies (64ms)
			RebuildTransferFunctionScriptingTraits (0ms)
			SetupTypeCache (180ms)
			ReleaseScriptCaches (2ms)
			RebuildScriptCaches (41ms)
			SetupLoadedEditorAssemblies (435ms)
				LogAssemblyErrors (0ms)
				InitializePlatformSupportModulesInManaged (22ms)
				SetLoadedEditorAssemblies (0ms)
				RefreshPlugins (2ms)
				BeforeProcessingInitializeOnLoad (65ms)
				ProcessInitializeOnLoadAttributes (210ms)
				ProcessInitializeOnLoadMethodAttributes (127ms)
				AfterProcessingInitializeOnLoad (9ms)
				EditorAssembliesLoaded (0ms)
			ExecutionOrderSort2 (0ms)
			AwakeInstancesAfterBackupRestoration (6ms)
Platform modules already initialized, skipping
Refreshing native plugins compatible for Editor in 5.21 ms, found 2 plugins.
Preloading 0 native plugins for Editor in 0.00 ms.
Unloading 2571 Unused Serialized files (Serialized files now loaded: 0)
Unloading 61 unused Assets / (1.3 MB). Loaded Objects now: 3063.
Memory consumption went from 187.8 MB to 186.5 MB.
Total: 9.422500 ms (FindLiveObjects: 0.481900 ms CreateObjectMapping: 0.082400 ms MarkObjects: 8.194300 ms  DeleteObjects: 0.661500 ms)

AssetImportParameters requested are different than current active one (requested -> active):
  custom:video-decoder-ogg-theora: a1e56fd34408186e4bbccfd4996cb3dc -> 
  custom:container-muxer-webm: aa71ff27fc2769a1b78a27578f13a17b -> 
  custom:container-demuxer-webm: 4f35f7cbe854078d1ac9338744f61a02 -> 
  custom:video-encoder-webm-vp8: eb34c28f22e8b96e1ab97ce403110664 -> 
  custom:audio-encoder-webm-vorbis: bf7c407c2cedff20999df2af8eb42d56 -> 
  custom:framework-win-MediaFoundation: 216162199b28c13a410421893ffa2e32 -> 
  custom:container-demuxer-ogg: 62fdf1f143b41e24485cea50d1cbac27 -> 
  custom:video-decoder-webm-vp8: 9c59270c3fd7afecdb556c50c9e8de78 -> 
  custom:audio-decoder-ogg-vorbis: bf7c407c2cedff20999df2af8eb42d56 -> 
========================================================================
Received Prepare
Registering precompiled user dll's ...
Registered in 0.003724 seconds.
Begin MonoManager ReloadAssembly
Native extension for UWP target not found
Native extension for WindowsStandalone target not found
Native extension for Android target not found
Refreshing native plugins compatible for Editor in 1.09 ms, found 2 plugins.
Preloading 0 native plugins for Editor in 0.00 ms.
Mono: successfully reloaded assembly
- Completed reload, in  0.948 seconds
Domain Reload Profiling:
	ReloadAssembly (949ms)
		BeginReloadAssembly (112ms)
			ExecutionOrderSort (0ms)
			DisableScriptedObjects (5ms)
			BackupInstance (0ms)
			ReleaseScriptingObjects (0ms)
			CreateAndSetChildDomain (34ms)
		EndReloadAssembly (747ms)
			LoadAssemblies (62ms)
			RebuildTransferFunctionScriptingTraits (0ms)
			SetupTypeCache (168ms)
			ReleaseScriptCaches (3ms)
			RebuildScriptCaches (41ms)
			SetupLoadedEditorAssemblies (425ms)
				LogAssemblyErrors (0ms)
				InitializePlatformSupportModulesInManaged (22ms)
				SetLoadedEditorAssemblies (0ms)
				RefreshPlugins (1ms)
				BeforeProcessingInitializeOnLoad (61ms)
				ProcessInitializeOnLoadAttributes (205ms)
				ProcessInitializeOnLoadMethodAttributes (126ms)
				AfterProcessingInitializeOnLoad (9ms)
				EditorAssembliesLoaded (0ms)
			ExecutionOrderSort2 (0ms)
			AwakeInstancesAfterBackupRestoration (6ms)
Platform modules already initialized, skipping
Refreshing native plugins compatible for Editor in 5.95 ms, found 2 plugins.
Preloading 0 native plugins for Editor in 0.00 ms.
Unloading 2571 Unused Serialized files (Serialized files now loaded: 0)
Unloading 61 unused Assets / (1.3 MB). Loaded Objects now: 3078.
Memory consumption went from 187.9 MB to 186.5 MB.
Total: 10.443800 ms (FindLiveObjects: 0.800400 ms CreateObjectMapping: 0.258700 ms MarkObjects: 8.723200 ms  DeleteObjects: 0.659000 ms)

AssetImportParameters requested are different than current active one (requested -> active):
  custom:video-decoder-ogg-theora: a1e56fd34408186e4bbccfd4996cb3dc -> 
  custom:container-muxer-webm: aa71ff27fc2769a1b78a27578f13a17b -> 
  custom:container-demuxer-webm: 4f35f7cbe854078d1ac9338744f61a02 -> 
  custom:video-encoder-webm-vp8: eb34c28f22e8b96e1ab97ce403110664 -> 
  custom:audio-encoder-webm-vorbis: bf7c407c2cedff20999df2af8eb42d56 -> 
  custom:framework-win-MediaFoundation: 216162199b28c13a410421893ffa2e32 -> 
  custom:container-demuxer-ogg: 62fdf1f143b41e24485cea50d1cbac27 -> 
  custom:video-decoder-webm-vp8: 9c59270c3fd7afecdb556c50c9e8de78 -> 
  custom:audio-decoder-ogg-vorbis: bf7c407c2cedff20999df2af8eb42d56 -> 
========================================================================
Received Prepare
Registering precompiled user dll's ...
Registered in 0.004288 seconds.
Begin MonoManager ReloadAssembly
Native extension for UWP target not found
Native extension for WindowsStandalone target not found
Native extension for Android target not found
Refreshing native plugins compatible for Editor in 1.61 ms, found 2 plugins.
Preloading 0 native plugins for Editor in 0.00 ms.
Mono: successfully reloaded assembly
- Completed reload, in  0.965 seconds
Domain Reload Profiling:
	ReloadAssembly (966ms)
		BeginReloadAssembly (115ms)
			ExecutionOrderSort (0ms)
			DisableScriptedObjects (7ms)
			BackupInstance (0ms)
			ReleaseScriptingObjects (0ms)
			CreateAndSetChildDomain (34ms)
		EndReloadAssembly (762ms)
			LoadAssemblies (67ms)
			RebuildTransferFunctionScriptingTraits (0ms)
			SetupTypeCache (182ms)
			ReleaseScriptCaches (2ms)
			RebuildScriptCaches (41ms)
			SetupLoadedEditorAssemblies (425ms)
				LogAssemblyErrors (0ms)
				InitializePlatformSupportModulesInManaged (26ms)
				SetLoadedEditorAssemblies (0ms)
				RefreshPlugins (2ms)
				BeforeProcessingInitializeOnLoad (58ms)
				ProcessInitializeOnLoadAttributes (199ms)
				ProcessInitializeOnLoadMethodAttributes (132ms)
				AfterProcessingInitializeOnLoad (8ms)
				EditorAssembliesLoaded (0ms)
			ExecutionOrderSort2 (0ms)
			AwakeInstancesAfterBackupRestoration (5ms)
Platform modules already initialized, skipping
Refreshing native plugins compatible for Editor in 5.30 ms, found 2 plugins.
Preloading 0 native plugins for Editor in 0.00 ms.
Unloading 2571 Unused Serialized files (Serialized files now loaded: 0)
Unloading 61 unused Assets / (1.3 MB). Loaded Objects now: 3093.
Memory consumption went from 187.9 MB to 186.6 MB.
Total: 9.615400 ms (FindLiveObjects: 0.303200 ms CreateObjectMapping: 0.063100 ms MarkObjects: 8.561600 ms  DeleteObjects: 0.685900 ms)

AssetImportParameters requested are different than current active one (requested -> active):
  custom:video-decoder-ogg-theora: a1e56fd34408186e4bbccfd4996cb3dc -> 
  custom:container-muxer-webm: aa71ff27fc2769a1b78a27578f13a17b -> 
  custom:container-demuxer-webm: 4f35f7cbe854078d1ac9338744f61a02 -> 
  custom:video-encoder-webm-vp8: eb34c28f22e8b96e1ab97ce403110664 -> 
  custom:audio-encoder-webm-vorbis: bf7c407c2cedff20999df2af8eb42d56 -> 
  custom:framework-win-MediaFoundation: 216162199b28c13a410421893ffa2e32 -> 
  custom:container-demuxer-ogg: 62fdf1f143b41e24485cea50d1cbac27 -> 
  custom:video-decoder-webm-vp8: 9c59270c3fd7afecdb556c50c9e8de78 -> 
  custom:audio-decoder-ogg-vorbis: bf7c407c2cedff20999df2af8eb42d56 -> 
========================================================================
Received Import Request.
  Time since last request: 1212179.508311 seconds.
  path: Assets/Models/Coin.fbx
  artifactKey: Guid(06b984149946d44da919e9a66bcbe4d9) Importer(815301076,1909f56bfc062723c751e8b465ee728b)
Start importing Assets/Models/Coin.fbx using Guid(06b984149946d44da919e9a66bcbe4d9) Importer(815301076,1909f56bfc062723c751e8b465ee728b)  -> (artifact id: '8430d499f862b74efb131df47a88fffa') in 0.152909 seconds 
========================================================================
Received Import Request.
  Time since last request: 0.000018 seconds.
  path: Assets/Models/Zombie.fbx
  artifactKey: Guid(6bc76eedb6629574a83870562bc0c4ee) Importer(815301076,1909f56bfc062723c751e8b465ee728b)
Start importing Assets/Models/Zombie.fbx using Guid(6bc76eedb6629574a83870562bc0c4ee) Importer(815301076,1909f56bfc062723c751e8b465ee728b)  -> (artifact id: 'a26a6e6ba1bdf33ab3579bbe42ed3029') in 0.044318 seconds 
========================================================================
Received Import Request.
  Time since last request: 0.000025 seconds.
  path: Assets/Models/Woman.fbx
  artifactKey: Guid(98cdee121d6e440de9fb99a7c24fa0da) Importer(815301076,1909f56bfc062723c751e8b465ee728b)
Start importing Assets/Models/Woman.fbx using Guid(98cdee121d6e440de9fb99a7c24fa0da) Importer(815301076,1909f56bfc062723c751e8b465ee728b)  -> (artifact id: '6695855ffe8ab76b250de8e576fa03fc') in 0.052445 seconds 
========================================================================
Received Import Request.
  Time since last request: 0.000016 seconds.
  path: Assets/Models/Heart.obj
  artifactKey: Guid(07d0c18f46bf64565a33789d47146ee3) Importer(815301076,1909f56bfc062723c751e8b465ee728b)
Start importing Assets/Models/Heart.obj using Guid(07d0c18f46bf64565a33789d47146ee3) Importer(815301076,1909f56bfc062723c751e8b465ee728b)  -> (artifact id: 'db2b1c7d52bb71a760e35f01ef8496d5') in 0.023491 seconds 
========================================================================
Received Import Request.
  Time since last request: 742.687002 seconds.
  path: Assets/Models/Level Art/borderPillar.fbx
  artifactKey: Guid(2bb86db456138ed4e8e44611ad790e8e) Importer(815301076,1909f56bfc062723c751e8b465ee728b)
Start importing Assets/Models/Level Art/borderPillar.fbx using Guid(2bb86db456138ed4e8e44611ad790e8e) Importer(815301076,1909f56bfc062723c751e8b465ee728b)  -> (artifact id: '76281c3a04ce47b534c6fb13e01a0469') in 0.048199 seconds 
========================================================================
Received Import Request.
  Time since last request: 0.000017 seconds.
  path: Assets/Models/Level Art/gravestoneCross.fbx
  artifactKey: Guid(609a3da0ed2cb6e4ebbd5f142e868f14) Importer(815301076,1909f56bfc062723c751e8b465ee728b)
Start importing Assets/Models/Level Art/gravestoneCross.fbx using Guid(609a3da0ed2cb6e4ebbd5f142e868f14) Importer(815301076,1909f56bfc062723c751e8b465ee728b)  -> (artifact id: 'a6692d90d9d0c1d99a42c3d8a58b181c') in 0.020684 seconds 
========================================================================
Received Import Request.
  Time since last request: 0.000021 seconds.
  path: Assets/Models/Level Art/gravestoneRoof.fbx
  artifactKey: Guid(3eb52f64571dcc6458da9f516a2486e3) Importer(815301076,1909f56bfc062723c751e8b465ee728b)
Start importing Assets/Models/Level Art/gravestoneRoof.fbx using Guid(3eb52f64571dcc6458da9f516a2486e3) Importer(815301076,1909f56bfc062723c751e8b465ee728b)  -> (artifact id: 'bff72e3252bc03911c262ec625e87d5c') in 0.021086 seconds 
========================================================================
Received Import Request.
  Time since last request: 0.000017 seconds.
  path: Assets/Models/Level Art/fenceIronGate.fbx
  artifactKey: Guid(430eb1a4518907e47b6d7c5534b0ac19) Importer(815301076,1909f56bfc062723c751e8b465ee728b)
Start importing Assets/Models/Level Art/fenceIronGate.fbx using Guid(430eb1a4518907e47b6d7c5534b0ac19) Importer(815301076,1909f56bfc062723c751e8b465ee728b)  -> (artifact id: '01ab4420421200d74f8775929c542b1e') in 0.023540 seconds 
========================================================================
Received Import Request.
  Time since last request: 0.000017 seconds.
  path: Assets/Models/Level Art/roadTile_243.fbx
  artifactKey: Guid(0d95d2e8555482243998cedf634ff403) Importer(815301076,1909f56bfc062723c751e8b465ee728b)
Start importing Assets/Models/Level Art/roadTile_243.fbx using Guid(0d95d2e8555482243998cedf634ff403) Importer(815301076,1909f56bfc062723c751e8b465ee728b)  -> (artifact id: '39b068391924fe86f962a7dd31b206b5') in 0.035970 seconds 
========================================================================
Received Import Request.
  Time since last request: 0.000019 seconds.
  path: Assets/Models/Level Art/grave.fbx
  artifactKey: Guid(6a9f3cc0f5b86c24196a62d8073b40c6) Importer(815301076,1909f56bfc062723c751e8b465ee728b)
Start importing Assets/Models/Level Art/grave.fbx using Guid(6a9f3cc0f5b86c24196a62d8073b40c6) Importer(815301076,1909f56bfc062723c751e8b465ee728b)  -> (artifact id: '1e5a786f2a2d3750b7403312e13c01d3') in 0.018994 seconds 
========================================================================
Received Import Request.
  Time since last request: 0.000016 seconds.
  path: Assets/Models/Level Art/cross.fbx
  artifactKey: Guid(e8b7835b1b5e4cc4eba40c923085a23b) Importer(815301076,1909f56bfc062723c751e8b465ee728b)
Start importing Assets/Models/Level Art/cross.fbx using Guid(e8b7835b1b5e4cc4eba40c923085a23b) Importer(815301076,1909f56bfc062723c751e8b465ee728b)  -> (artifact id: '657d327dd60ffeccff4f2755c3b80706') in 0.018171 seconds 
========================================================================
Received Import Request.
  Time since last request: 0.000018 seconds.
  path: Assets/Models/Level Art/gravestoneRound.fbx
  artifactKey: Guid(2f56a0cd28c3a0e479fea419de40f74c) Importer(815301076,1909f56bfc062723c751e8b465ee728b)
Start importing Assets/Models/Level Art/gravestoneRound.fbx using Guid(2f56a0cd28c3a0e479fea419de40f74c) Importer(815301076,1909f56bfc062723c751e8b465ee728b)  -> (artifact id: 'c2519c2469cd23bfa8c101233cbaf56d') in 0.027533 seconds 
========================================================================
Received Import Request.
  Time since last request: 0.000015 seconds.
  path: Assets/Models/Level Art/urn.fbx
  artifactKey: Guid(962587daea57bab42afc7a02477c5d6d) Importer(815301076,1909f56bfc062723c751e8b465ee728b)
Start importing Assets/Models/Level Art/urn.fbx using Guid(962587daea57bab42afc7a02477c5d6d) Importer(815301076,1909f56bfc062723c751e8b465ee728b)  -> (artifact id: '136a0ba6828539e94de799269b42d0f7') in 0.030381 seconds 
========================================================================
Received Import Request.
  Time since last request: 0.000020 seconds.
  path: Assets/Models/Level Art/roadTile_023.fbx
  artifactKey: Guid(f10179b7795770343960297257ddeb28) Importer(815301076,1909f56bfc062723c751e8b465ee728b)
Start importing Assets/Models/Level Art/roadTile_023.fbx using Guid(f10179b7795770343960297257ddeb28) Importer(815301076,1909f56bfc062723c751e8b465ee728b)  -> (artifact id: '0580161a8ba01f7feca0649b6caace8b') in 0.027913 seconds 
========================================================================
Received Import Request.
  Time since last request: 0.000023 seconds.
  path: Assets/Models/Level Art/debris.fbx
  artifactKey: Guid(a1264b7d795ad364ea9d20ac3d27bfaf) Importer(815301076,1909f56bfc062723c751e8b465ee728b)
Start importing Assets/Models/Level Art/debris.fbx using Guid(a1264b7d795ad364ea9d20ac3d27bfaf) Importer(815301076,1909f56bfc062723c751e8b465ee728b)  -> (artifact id: '6316ab9a8e79cd3da5d6aa511912e227') in 0.019483 seconds 
========================================================================
Received Import Request.
  Time since last request: 0.000016 seconds.
  path: Assets/Models/Level Art/gravestoneBroken.fbx
  artifactKey: Guid(7894177ae03f8de49ba5c46fd331b9ca) Importer(815301076,1909f56bfc062723c751e8b465ee728b)
Start importing Assets/Models/Level Art/gravestoneBroken.fbx using Guid(7894177ae03f8de49ba5c46fd331b9ca) Importer(815301076,1909f56bfc062723c751e8b465ee728b)  -> (artifact id: '48a91fc4b264482283b1fec7d4dc1aaf') in 0.018456 seconds 
========================================================================
Received Import Request.
  Time since last request: 0.000020 seconds.
  path: Assets/Models/Level Art/trunk.fbx
  artifactKey: Guid(f6684beaf24bbe241ac4217c676f1330) Importer(815301076,1909f56bfc062723c751e8b465ee728b)
Start importing Assets/Models/Level Art/trunk.fbx using Guid(f6684beaf24bbe241ac4217c676f1330) Importer(815301076,1909f56bfc062723c751e8b465ee728b)  -> (artifact id: '9737814941475519d584f0e030941dbc') in 0.023909 seconds 
========================================================================
Received Import Request.
  Time since last request: 0.000015 seconds.
  path: Assets/Models/Level Art/gravestoneWide.fbx
  artifactKey: Guid(d904ab7766677954586177fad262727a) Importer(815301076,1909f56bfc062723c751e8b465ee728b)
Start importing Assets/Models/Level Art/gravestoneWide.fbx using Guid(d904ab7766677954586177fad262727a) Importer(815301076,1909f56bfc062723c751e8b465ee728b)  -> (artifact id: '2e9b805f19861256bbc4f507c00011ae') in 0.022223 seconds 
========================================================================
Received Import Request.
  Time since last request: 0.000019 seconds.
  path: Assets/Models/Level Art/fenceBroken.fbx
  artifactKey: Guid(f89648002b770d246908f89efbab5efe) Importer(815301076,1909f56bfc062723c751e8b465ee728b)
Start importing Assets/Models/Level Art/fenceBroken.fbx using Guid(f89648002b770d246908f89efbab5efe) Importer(815301076,1909f56bfc062723c751e8b465ee728b)  -> (artifact id: 'cd1dd5c01ec425cc6cffb4f2ae9d07e0') in 0.024142 seconds 
========================================================================
Received Import Request.
  Time since last request: 0.000029 seconds.
  path: Assets/Models/Level Art/fenceStone.fbx
  artifactKey: Guid(64d7a7ae5b3cb1a46afdc8fa2eea424c) Importer(815301076,1909f56bfc062723c751e8b465ee728b)
Start importing Assets/Models/Level Art/fenceStone.fbx using Guid(64d7a7ae5b3cb1a46afdc8fa2eea424c) Importer(815301076,1909f56bfc062723c751e8b465ee728b)  -> (artifact id: '702093e65951bc0b103df267f688084c') in 0.021985 seconds 
========================================================================
Received Import Request.
  Time since last request: 0.000018 seconds.
  path: Assets/Models/Level Art/fence.fbx
  artifactKey: Guid(ff49343d51d2ae44fa1106075f00e721) Importer(815301076,1909f56bfc062723c751e8b465ee728b)
Start importing Assets/Models/Level Art/fence.fbx using Guid(ff49343d51d2ae44fa1106075f00e721) Importer(815301076,1909f56bfc062723c751e8b465ee728b)  -> (artifact id: 'ba564cab19250c17b8e32d0bf7c25d69') in 0.022764 seconds 
========================================================================
Received Import Request.
  Time since last request: 0.000032 seconds.
  path: Assets/Models/Level Art/roadTile_252.fbx
  artifactKey: Guid(512bef4fd6304ef4b85c12d0fd637dd8) Importer(815301076,1909f56bfc062723c751e8b465ee728b)
Start importing Assets/Models/Level Art/roadTile_252.fbx using Guid(512bef4fd6304ef4b85c12d0fd637dd8) Importer(815301076,1909f56bfc062723c751e8b465ee728b)  -> (artifact id: 'a94ba60893168ced5886756cc6b99f2e') in 0.031930 seconds 
========================================================================
Received Import Request.
  Time since last request: 0.000019 seconds.
  path: Assets/Models/Level Art/coffin.fbx
  artifactKey: Guid(ec3dad5b4f3763542be46c2033e7df4a) Importer(815301076,1909f56bfc062723c751e8b465ee728b)
Start importing Assets/Models/Level Art/coffin.fbx using Guid(ec3dad5b4f3763542be46c2033e7df4a) Importer(815301076,1909f56bfc062723c751e8b465ee728b)  -> (artifact id: '9cc7ca91f33d8a21110764a08c552cd2') in 0.028574 seconds 
========================================================================
Received Import Request.
  Time since last request: 0.000028 seconds.
  path: Assets/Models/Level Art/level fence.mesh
  artifactKey: Guid(b3bce9cc843594af687d558aec3a97ae) Importer(815301076,1909f56bfc062723c751e8b465ee728b)
Start importing Assets/Models/Level Art/level fence.mesh using Guid(b3bce9cc843594af687d558aec3a97ae) Importer(815301076,1909f56bfc062723c751e8b465ee728b)  -> (artifact id: '22e51ab65f5bcd4e93ebc69e0b5d0ed0') in 0.046205 seconds 
========================================================================
Received Import Request.
  Time since last request: 0.000015 seconds.
  path: Assets/Models/Level Art/gravestoneFlat.fbx
  artifactKey: Guid(c2ece63211b6b9e438a5e759e014d82a) Importer(815301076,1909f56bfc062723c751e8b465ee728b)
Start importing Assets/Models/Level Art/gravestoneFlat.fbx using Guid(c2ece63211b6b9e438a5e759e014d82a) Importer(815301076,1909f56bfc062723c751e8b465ee728b)  -> (artifact id: 'dd184195a4a23da6211a28b8ff47d118') in 0.016871 seconds 
========================================================================
Received Import Request.
  Time since last request: 0.000015 seconds.
  path: Assets/Models/Level Art/crypt.fbx
  artifactKey: Guid(d9b23c7e2fbe97b40a97d1b7881e9833) Importer(815301076,1909f56bfc062723c751e8b465ee728b)
Start importing Assets/Models/Level Art/crypt.fbx using Guid(d9b23c7e2fbe97b40a97d1b7881e9833) Importer(815301076,1909f56bfc062723c751e8b465ee728b)  -> (artifact id: '45564c16a1e818b6a5f9e3574ece561d') in 0.020675 seconds 
========================================================================
Received Import Request.
  Time since last request: 0.000018 seconds.
  path: Assets/Models/Level Art/fenceIronBorder.fbx
  artifactKey: Guid(a63b49226ab815941ab7641e40d48ad6) Importer(815301076,1909f56bfc062723c751e8b465ee728b)
Start importing Assets/Models/Level Art/fenceIronBorder.fbx using Guid(a63b49226ab815941ab7641e40d48ad6) Importer(815301076,1909f56bfc062723c751e8b465ee728b)  -> (artifact id: '0b6e0cf75b5c6395e58f55fe08e26d3e') in 0.104595 seconds 
Editor requested this worker to shutdown with reason: Scaling down because of idle timeout
AssetImportWorker is now disconnected from the server
Process exiting
Exiting without the bug reporter. Application will terminate with return code 0